Using pre-set license
Built from '2021.3/staging' branch; Version is '2021.3.6f1 (7da38d85baf6) revision 8233869'; Using compiler version '192829333'; Build Type 'Release'
OS: 'Windows 10  (10.0.19044) 64bit Core' Language: 'fr' Physical Memory: 15753 MB
BatchMode: 1, IsHumanControllingUs: 0, StartBugReporterOnCrash: 0, Is64bit: 1, IsPro: 1

COMMAND LINE ARGUMENTS:
C:\Program Files\Unity\Hub\Editor\2021.3.6f1\Editor\Unity.exe
-adb2
-batchMode
-noUpm
-name
AssetImportWorker4
-projectPath
C:/Users/bardo/OneDrive/Documents/s2-project/BubbleShooter/BubbleTrinh
-logFile
Logs/AssetImportWorker4.log
-srvPort
58618
Successfully changed project path to: C:/Users/bardo/OneDrive/Documents/s2-project/BubbleShooter/BubbleTrinh
C:/Users/bardo/OneDrive/Documents/s2-project/BubbleShooter/BubbleTrinh
[UnityMemory] Configuration Parameters - Can be set up in boot.config
    "memorysetup-bucket-allocator-granularity=16"
    "memorysetup-bucket-allocator-bucket-count=8"
    "memorysetup-bucket-allocator-block-size=33554432"
    "memorysetup-bucket-allocator-block-count=8"
    "memorysetup-main-allocator-block-size=16777216"
    "memorysetup-thread-allocator-block-size=16777216"
    "memorysetup-gfx-main-allocator-block-size=16777216"
    "memorysetup-gfx-thread-allocator-block-size=16777216"
    "memorysetup-cache-allocator-block-size=4194304"
    "memorysetup-typetree-allocator-block-size=2097152"
    "memorysetup-profiler-bucket-allocator-granularity=16"
    "memorysetup-profiler-bucket-allocator-bucket-count=8"
    "memorysetup-profiler-bucket-allocator-block-size=33554432"
    "memorysetup-profiler-bucket-allocator-block-count=8"
    "memorysetup-profiler-allocator-block-size=16777216"
    "memorysetup-profiler-editor-allocator-block-size=1048576"
    "memorysetup-temp-allocator-size-main=16777216"
    "memorysetup-job-temp-allocator-block-size=2097152"
    "memorysetup-job-temp-allocator-block-size-background=1048576"
    "memorysetup-job-temp-allocator-reduction-small-platforms=262144"
    "memorysetup-temp-allocator-size-background-worker=32768"
    "memorysetup-temp-allocator-size-job-worker=262144"
    "memorysetup-temp-allocator-size-preload-manager=33554432"
    "memorysetup-temp-allocator-size-nav-mesh-worker=65536"
    "memorysetup-temp-allocator-size-audio-worker=65536"
    "memorysetup-temp-allocator-size-cloud-worker=32768"
    "memorysetup-temp-allocator-size-gi-baking-worker=262144"
    "memorysetup-temp-allocator-size-gfx=262144"
Refreshing native plugins compatible for Editor in 312.22 ms, found 6 plugins.
Preloading 0 native plugins for Editor in 0.00 ms.
Initialize engine version: 2021.3.6f1 (7da38d85baf6)
[Subsystems] Discovering subsystems at path C:/Program Files/Unity/Hub/Editor/2021.3.6f1/Editor/Data/Resources/UnitySubsystems
[Subsystems] Discovering subsystems at path C:/Users/bardo/OneDrive/Documents/s2-project/BubbleShooter/BubbleTrinh/Assets
GfxDevice: creating device client; threaded=0; jobified=0
Direct3D:
    Version:  Direct3D 11.0 [level 11.1]
    Renderer: AMD Radeon(TM) Graphics (ID=0x164c)
    Vendor:   ATI
    VRAM:     7876 MB
    Driver:   27.20.14036.8
Initialize mono
Mono path[0] = 'C:/Program Files/Unity/Hub/Editor/2021.3.6f1/Editor/Data/Managed'
Mono path[1] = 'C:/Program Files/Unity/Hub/Editor/2021.3.6f1/Editor/Data/MonoBleedingEdge/lib/mono/unityjit-win32'
Mono config path = 'C:/Program Files/Unity/Hub/Editor/2021.3.6f1/Editor/Data/MonoBleedingEdge/etc'
Using monoOptions --debugger-agent=transport=dt_socket,embedding=1,server=y,suspend=n,address=127.0.0.1:56104
Begin MonoManager ReloadAssembly
Registering precompiled unity dll's ...
Register platform support module: C:/Program Files/Unity/Hub/Editor/2021.3.6f1/Editor/Data/PlaybackEngines/AndroidPlayer/UnityEditor.Android.Extensions.dll
Register platform support module: C:/Program Files/Unity/Hub/Editor/2021.3.6f1/Editor/Data/PlaybackEngines/iOSSupport/UnityEditor.iOS.Extensions.dll
Register platform support module: C:/Program Files/Unity/Hub/Editor/2021.3.6f1/Editor/Data/PlaybackEngines/WindowsStandaloneSupport/UnityEditor.WindowsStandalone.Extensions.dll
Registered in 0.018588 seconds.
Native extension for WindowsStandalone target not found
[usbmuxd] Start listen thread
[usbmuxd] Listen thread started
Native extension for iOS target not found
Native extension for Android target not found
Refreshing native plugins compatible for Editor in 320.60 ms, found 6 plugins.
Preloading 0 native plugins for Editor in 0.00 ms.
Mono: successfully reloaded assembly
- Completed reload, in  1.670 seconds
Domain Reload Profiling:
	ReloadAssembly (1672ms)
		BeginReloadAssembly (201ms)
			ExecutionOrderSort (0ms)
			DisableScriptedObjects (0ms)
			BackupInstance (0ms)
			ReleaseScriptingObjects (0ms)
			CreateAndSetChildDomain (2ms)
		EndReloadAssembly (1223ms)
			LoadAssemblies (196ms)
			RebuildTransferFunctionScriptingTraits (0ms)
			SetupTypeCache (245ms)
			ReleaseScriptCaches (0ms)
			RebuildScriptCaches (63ms)
			SetupLoadedEditorAssemblies (806ms)
				LogAssemblyErrors (0ms)
				InitializePlatformSupportModulesInManaged (161ms)
				SetLoadedEditorAssemblies (1ms)
				RefreshPlugins (321ms)
				BeforeProcessingInitializeOnLoad (3ms)
				ProcessInitializeOnLoadAttributes (204ms)
				ProcessInitializeOnLoadMethodAttributes (117ms)
				AfterProcessingInitializeOnLoad (0ms)
				EditorAssembliesLoaded (0ms)
			ExecutionOrderSort2 (0ms)
			AwakeInstancesAfterBackupRestoration (0ms)
Platform modules already initialized, skipping
Registering precompiled user dll's ...
Registered in 0.018044 seconds.
Begin MonoManager ReloadAssembly
Symbol file LoadedFromMemory doesn't match image C:\Users\bardo\OneDrive\Documents\s2-project\BubbleShooter\BubbleTrinh\Library\PackageCache\com.unity.visualscripting@1.7.8\Editor\VisualScripting.Core\Dependencies\YamlDotNet\Unity.VisualScripting.YamlDotNet.dll
Symbol file LoadedFromMemory doesn't match image C:\Users\bardo\OneDrive\Documents\s2-project\BubbleShooter\BubbleTrinh\Library\PackageCache\com.unity.visualscripting@1.7.8\Editor\VisualScripting.Core\Dependencies\DotNetZip\Unity.VisualScripting.IonicZip.dll
Native extension for WindowsStandalone target not found
Native extension for iOS target not found
Native extension for Android target not found
Refreshing native plugins compatible for Editor in 311.12 ms, found 6 plugins.
Preloading 0 native plugins for Editor in 0.00 ms.
Mono: successfully reloaded assembly
- Completed reload, in  3.582 seconds
Domain Reload Profiling:
	ReloadAssembly (3584ms)
		BeginReloadAssembly (380ms)
			ExecutionOrderSort (0ms)
			DisableScriptedObjects (15ms)
			BackupInstance (0ms)
			ReleaseScriptingObjects (0ms)
			CreateAndSetChildDomain (143ms)
		EndReloadAssembly (2949ms)
			LoadAssemblies (217ms)
			RebuildTransferFunctionScriptingTraits (0ms)
			SetupTypeCache (769ms)
			ReleaseScriptCaches (2ms)
			RebuildScriptCaches (177ms)
			SetupLoadedEditorAssemblies (1643ms)
				LogAssemblyErrors (0ms)
				InitializePlatformSupportModulesInManaged (67ms)
				SetLoadedEditorAssemblies (0ms)
				RefreshPlugins (311ms)
				BeforeProcessingInitializeOnLoad (313ms)
				ProcessInitializeOnLoadAttributes (663ms)
				ProcessInitializeOnLoadMethodAttributes (268ms)
				AfterProcessingInitializeOnLoad (21ms)
				EditorAssembliesLoaded (0ms)
			ExecutionOrderSort2 (0ms)
			AwakeInstancesAfterBackupRestoration (15ms)
Platform modules already initialized, skipping
========================================================================
Worker process is ready to serve import requests
Launched and connected shader compiler UnityShaderCompiler.exe after 0.17 seconds
Refreshing native plugins compatible for Editor in 1.91 ms, found 6 plugins.
Preloading 0 native plugins for Editor in 0.00 ms.
Unloading 5674 Unused Serialized files (Serialized files now loaded: 0)
Unloading 52 unused Assets / (0.9 MB). Loaded Objects now: 6124.
Memory consumption went from 216.4 MB to 215.5 MB.
Total: 9.680000 ms (FindLiveObjects: 0.787700 ms CreateObjectMapping: 0.369500 ms MarkObjects: 7.804200 ms  DeleteObjects: 0.716600 ms)

AssetImportParameters requested are different than current active one (requested -> active):
  custom:video-decoder-ogg-theora: a1e56fd34408186e4bbccfd4996cb3dc -> 
  custom:container-muxer-webm: aa71ff27fc2769a1b78a27578f13a17b -> 
  custom:container-demuxer-webm: 4f35f7cbe854078d1ac9338744f61a02 -> 
  custom:video-encoder-webm-vp8: eb34c28f22e8b96e1ab97ce403110664 -> 
  custom:audio-encoder-webm-vorbis: bf7c407c2cedff20999df2af8eb42d56 -> 
  custom:framework-win-MediaFoundation: 216162199b28c13a410421893ffa2e32 -> 
  custom:container-demuxer-ogg: 62fdf1f143b41e24485cea50d1cbac27 -> 
  custom:video-decoder-webm-vp8: 9c59270c3fd7afecdb556c50c9e8de78 -> 
  custom:audio-decoder-ogg-vorbis: bf7c407c2cedff20999df2af8eb42d56 -> 
========================================================================
Received Import Request.
  Time since last request: 224789.931727 seconds.
  path: Assets/RacccoonRescue 1.2.1/Assets/RaccoonRescue/Textures_png
  artifactKey: Guid(a32bf5b6e330d4604bbe9d4bae143fe0) Importer(815301076,1909f56bfc062723c751e8b465ee728b)
Start importing Assets/RacccoonRescue 1.2.1/Assets/RaccoonRescue/Textures_png using Guid(a32bf5b6e330d4604bbe9d4bae143fe0) Importer(815301076,1909f56bfc062723c751e8b465ee728b)  -> (artifact id: 'fea3913ab06daacea29da9aa6e384f86') in 0.062234 seconds 
========================================================================
Received Import Request.
  Time since last request: 0.068706 seconds.
  path: Assets/RacccoonRescue 1.2.1/Assets/RaccoonRescue/Textures_png/finger.png
  artifactKey: Guid(399e2ead6278e38428582544218ec02c) Importer(815301076,1909f56bfc062723c751e8b465ee728b)
Start importing Assets/RacccoonRescue 1.2.1/Assets/RaccoonRescue/Textures_png/finger.png using Guid(399e2ead6278e38428582544218ec02c) Importer(815301076,1909f56bfc062723c751e8b465ee728b)  -> (artifact id: 'a87df06d2796b88d2cad4d0e154ff555') in 0.238841 seconds 
========================================================================
Received Import Request.
  Time since last request: 23.196685 seconds.
  path: Assets/RacccoonRescue 1.2.1/Assets/RaccoonRescue/Prefabs/Objects
  artifactKey: Guid(3a5597e82ceab41949b09f340871a61e) Importer(815301076,1909f56bfc062723c751e8b465ee728b)
Start importing Assets/RacccoonRescue 1.2.1/Assets/RaccoonRescue/Prefabs/Objects using Guid(3a5597e82ceab41949b09f340871a61e) Importer(815301076,1909f56bfc062723c751e8b465ee728b)  -> (artifact id: '3f3f719949199b944ad4fdbc53c720a6') in 0.020288 seconds 
========================================================================
Received Import Request.
  Time since last request: 0.008360 seconds.
  path: Assets/RacccoonRescue 1.2.1/Assets/RaccoonRescue/Prefabs/Objects/ball.prefab
  artifactKey: Guid(7e53458cd03f1724f9442cb26f3a53a1) Importer(815301076,1909f56bfc062723c751e8b465ee728b)
Start importing Assets/RacccoonRescue 1.2.1/Assets/RaccoonRescue/Prefabs/Objects/ball.prefab using Guid(7e53458cd03f1724f9442cb26f3a53a1) Importer(815301076,1909f56bfc062723c751e8b465ee728b)  -> (artifact id: 'e1e982bd1919cecb05833c0c2769f321') in 0.269379 seconds 
========================================================================
Received Import Request.
  Time since last request: 0.000060 seconds.
  path: Assets/RacccoonRescue 1.2.1/Assets/RaccoonRescue/Prefabs/Objects/HiddenBall.prefab
  artifactKey: Guid(1542b1f97eb9d409ab8069f6ad883613) Importer(815301076,1909f56bfc062723c751e8b465ee728b)
Start importing Assets/RacccoonRescue 1.2.1/Assets/RaccoonRescue/Prefabs/Objects/HiddenBall.prefab using Guid(1542b1f97eb9d409ab8069f6ad883613) Importer(815301076,1909f56bfc062723c751e8b465ee728b)  -> (artifact id: '0513fa261dc0ac4959bef21053bfe7bf') in 0.195280 seconds 
========================================================================
Received Import Request.
  Time since last request: 0.000091 seconds.
  path: Assets/RacccoonRescue 1.2.1/Assets/RaccoonRescue/Prefabs/Objects/Lamps.prefab
  artifactKey: Guid(e30fe69aef19343f9bd5f8256edca647) Importer(815301076,1909f56bfc062723c751e8b465ee728b)
Start importing Assets/RacccoonRescue 1.2.1/Assets/RaccoonRescue/Prefabs/Objects/Lamps.prefab using Guid(e30fe69aef19343f9bd5f8256edca647) Importer(815301076,1909f56bfc062723c751e8b465ee728b)  -> (artifact id: '17aeba0ecf03bfbf9f408e9c040a973f') in 0.165629 seconds 
========================================================================
Received Import Request.
  Time since last request: 0.000042 seconds.
  path: Assets/RacccoonRescue 1.2.1/Assets/RaccoonRescue/Prefabs/Objects/LeafEffect.prefab
  artifactKey: Guid(c76ece493ddbd48c5b3a76ab53109c3b) Importer(815301076,1909f56bfc062723c751e8b465ee728b)
Start importing Assets/RacccoonRescue 1.2.1/Assets/RaccoonRescue/Prefabs/Objects/LeafEffect.prefab using Guid(c76ece493ddbd48c5b3a76ab53109c3b) Importer(815301076,1909f56bfc062723c751e8b465ee728b)  -> (artifact id: 'e562f0dfc5ea1a831ea7cbf849435765') in 0.047692 seconds 
========================================================================
Received Import Request.
  Time since last request: 0.000046 seconds.
  path: Assets/RacccoonRescue 1.2.1/Assets/RaccoonRescue/Prefabs/Objects/item_bomb.prefab
  artifactKey: Guid(7612b4183a8b1411dac2275d73eedfa0) Importer(815301076,1909f56bfc062723c751e8b465ee728b)
Start importing Assets/RacccoonRescue 1.2.1/Assets/RaccoonRescue/Prefabs/Objects/item_bomb.prefab using Guid(7612b4183a8b1411dac2275d73eedfa0) Importer(815301076,1909f56bfc062723c751e8b465ee728b)  -> (artifact id: '3e46aa5378f363adb995a48025ba3ac5') in 0.667052 seconds 
Editor requested this worker to shutdown with reason: Scaling down because of idle timeout
AssetImportWorkerClient::OnTransportError - code=2 error=End of file
AssetImportWorker is now disconnected from the server
Process exiting
Exiting without the bug reporter. Application will terminate with return code 0