Using pre-set license
Built from '2021.3/staging' branch; Version is '2021.3.6f1 (7da38d85baf6) revision 8233869'; Using compiler version '192829333'; Build Type 'Release'
OS: 'Windows 10  (10.0.19044) 64bit Core' Language: 'fr' Physical Memory: 15753 MB
BatchMode: 1, IsHumanControllingUs: 0, StartBugReporterOnCrash: 0, Is64bit: 1, IsPro: 1

COMMAND LINE ARGUMENTS:
C:\Program Files\Unity\Hub\Editor\2021.3.6f1\Editor\Unity.exe
-adb2
-batchMode
-noUpm
-name
AssetImportWorker2
-projectPath
C:/Users/bardo/OneDrive/Documents/s2-project/BubbleShooter/BubbleTrinh
-logFile
Logs/AssetImportWorker2.log
-srvPort
58618
Successfully changed project path to: C:/Users/bardo/OneDrive/Documents/s2-project/BubbleShooter/BubbleTrinh
C:/Users/bardo/OneDrive/Documents/s2-project/BubbleShooter/BubbleTrinh
[UnityMemory] Configuration Parameters - Can be set up in boot.config
    "memorysetup-bucket-allocator-granularity=16"
    "memorysetup-bucket-allocator-bucket-count=8"
    "memorysetup-bucket-allocator-block-size=33554432"
    "memorysetup-bucket-allocator-block-count=8"
    "memorysetup-main-allocator-block-size=16777216"
    "memorysetup-thread-allocator-block-size=16777216"
    "memorysetup-gfx-main-allocator-block-size=16777216"
    "memorysetup-gfx-thread-allocator-block-size=16777216"
    "memorysetup-cache-allocator-block-size=4194304"
    "memorysetup-typetree-allocator-block-size=2097152"
    "memorysetup-profiler-bucket-allocator-granularity=16"
    "memorysetup-profiler-bucket-allocator-bucket-count=8"
    "memorysetup-profiler-bucket-allocator-block-size=33554432"
    "memorysetup-profiler-bucket-allocator-block-count=8"
    "memorysetup-profiler-allocator-block-size=16777216"
    "memorysetup-profiler-editor-allocator-block-size=1048576"
    "memorysetup-temp-allocator-size-main=16777216"
    "memorysetup-job-temp-allocator-block-size=2097152"
    "memorysetup-job-temp-allocator-block-size-background=1048576"
    "memorysetup-job-temp-allocator-reduction-small-platforms=262144"
    "memorysetup-temp-allocator-size-background-worker=32768"
    "memorysetup-temp-allocator-size-job-worker=262144"
    "memorysetup-temp-allocator-size-preload-manager=33554432"
    "memorysetup-temp-allocator-size-nav-mesh-worker=65536"
    "memorysetup-temp-allocator-size-audio-worker=65536"
    "memorysetup-temp-allocator-size-cloud-worker=32768"
    "memorysetup-temp-allocator-size-gi-baking-worker=262144"
    "memorysetup-temp-allocator-size-gfx=262144"
Refreshing native plugins compatible for Editor in 312.78 ms, found 6 plugins.
Preloading 0 native plugins for Editor in 0.00 ms.
Initialize engine version: 2021.3.6f1 (7da38d85baf6)
[Subsystems] Discovering subsystems at path C:/Program Files/Unity/Hub/Editor/2021.3.6f1/Editor/Data/Resources/UnitySubsystems
[Subsystems] Discovering subsystems at path C:/Users/bardo/OneDrive/Documents/s2-project/BubbleShooter/BubbleTrinh/Assets
GfxDevice: creating device client; threaded=0; jobified=0
Direct3D:
    Version:  Direct3D 11.0 [level 11.1]
    Renderer: AMD Radeon(TM) Graphics (ID=0x164c)
    Vendor:   ATI
    VRAM:     7876 MB
    Driver:   27.20.14036.8
Initialize mono
Mono path[0] = 'C:/Program Files/Unity/Hub/Editor/2021.3.6f1/Editor/Data/Managed'
Mono path[1] = 'C:/Program Files/Unity/Hub/Editor/2021.3.6f1/Editor/Data/MonoBleedingEdge/lib/mono/unityjit-win32'
Mono config path = 'C:/Program Files/Unity/Hub/Editor/2021.3.6f1/Editor/Data/MonoBleedingEdge/etc'
Using monoOptions --debugger-agent=transport=dt_socket,embedding=1,server=y,suspend=n,address=127.0.0.1:56352
Begin MonoManager ReloadAssembly
Registering precompiled unity dll's ...
Register platform support module: C:/Program Files/Unity/Hub/Editor/2021.3.6f1/Editor/Data/PlaybackEngines/AndroidPlayer/UnityEditor.Android.Extensions.dll
Register platform support module: C:/Program Files/Unity/Hub/Editor/2021.3.6f1/Editor/Data/PlaybackEngines/iOSSupport/UnityEditor.iOS.Extensions.dll
Register platform support module: C:/Program Files/Unity/Hub/Editor/2021.3.6f1/Editor/Data/PlaybackEngines/WindowsStandaloneSupport/UnityEditor.WindowsStandalone.Extensions.dll
Registered in 0.024712 seconds.
Native extension for WindowsStandalone target not found
[usbmuxd] Start listen thread
[usbmuxd] Listen thread started
Native extension for iOS target not found
Native extension for Android target not found
Refreshing native plugins compatible for Editor in 288.55 ms, found 6 plugins.
Preloading 0 native plugins for Editor in 0.00 ms.
Mono: successfully reloaded assembly
- Completed reload, in  1.803 seconds
Domain Reload Profiling:
	ReloadAssembly (1805ms)
		BeginReloadAssembly (203ms)
			ExecutionOrderSort (0ms)
			DisableScriptedObjects (0ms)
			BackupInstance (0ms)
			ReleaseScriptingObjects (0ms)
			CreateAndSetChildDomain (1ms)
		EndReloadAssembly (1302ms)
			LoadAssemblies (200ms)
			RebuildTransferFunctionScriptingTraits (0ms)
			SetupTypeCache (226ms)
			ReleaseScriptCaches (0ms)
			RebuildScriptCaches (80ms)
			SetupLoadedEditorAssemblies (861ms)
				LogAssemblyErrors (0ms)
				InitializePlatformSupportModulesInManaged (163ms)
				SetLoadedEditorAssemblies (1ms)
				RefreshPlugins (289ms)
				BeforeProcessingInitializeOnLoad (3ms)
				ProcessInitializeOnLoadAttributes (271ms)
				ProcessInitializeOnLoadMethodAttributes (135ms)
				AfterProcessingInitializeOnLoad (0ms)
				EditorAssembliesLoaded (0ms)
			ExecutionOrderSort2 (0ms)
			AwakeInstancesAfterBackupRestoration (0ms)
Platform modules already initialized, skipping
Registering precompiled user dll's ...
Registered in 0.023675 seconds.
Begin MonoManager ReloadAssembly
Symbol file LoadedFromMemory doesn't match image C:\Users\bardo\OneDrive\Documents\s2-project\BubbleShooter\BubbleTrinh\Library\PackageCache\com.unity.visualscripting@1.7.8\Editor\VisualScripting.Core\Dependencies\YamlDotNet\Unity.VisualScripting.YamlDotNet.dll
Symbol file LoadedFromMemory doesn't match image C:\Users\bardo\OneDrive\Documents\s2-project\BubbleShooter\BubbleTrinh\Library\PackageCache\com.unity.visualscripting@1.7.8\Editor\VisualScripting.Core\Dependencies\DotNetZip\Unity.VisualScripting.IonicZip.dll
Native extension for WindowsStandalone target not found
Native extension for iOS target not found
Native extension for Android target not found
Refreshing native plugins compatible for Editor in 361.71 ms, found 6 plugins.
Preloading 0 native plugins for Editor in 0.00 ms.
Mono: successfully reloaded assembly
- Completed reload, in  3.985 seconds
Domain Reload Profiling:
	ReloadAssembly (3988ms)
		BeginReloadAssembly (411ms)
			ExecutionOrderSort (0ms)
			DisableScriptedObjects (34ms)
			BackupInstance (0ms)
			ReleaseScriptingObjects (0ms)
			CreateAndSetChildDomain (162ms)
		EndReloadAssembly (3336ms)
			LoadAssemblies (216ms)
			RebuildTransferFunctionScriptingTraits (0ms)
			SetupTypeCache (933ms)
			ReleaseScriptCaches (2ms)
			RebuildScriptCaches (158ms)
			SetupLoadedEditorAssemblies (1886ms)
				LogAssemblyErrors (0ms)
				InitializePlatformSupportModulesInManaged (99ms)
				SetLoadedEditorAssemblies (1ms)
				RefreshPlugins (362ms)
				BeforeProcessingInitializeOnLoad (353ms)
				ProcessInitializeOnLoadAttributes (748ms)
				ProcessInitializeOnLoadMethodAttributes (301ms)
				AfterProcessingInitializeOnLoad (22ms)
				EditorAssembliesLoaded (1ms)
			ExecutionOrderSort2 (0ms)
			AwakeInstancesAfterBackupRestoration (20ms)
Platform modules already initialized, skipping
========================================================================
Worker process is ready to serve import requests
Launched and connected shader compiler UnityShaderCompiler.exe after 0.11 seconds
Refreshing native plugins compatible for Editor in 2.21 ms, found 6 plugins.
Preloading 0 native plugins for Editor in 0.00 ms.
Unloading 5674 Unused Serialized files (Serialized files now loaded: 0)
Unloading 52 unused Assets / (0.9 MB). Loaded Objects now: 6124.
Memory consumption went from 216.4 MB to 215.5 MB.
Total: 7.782000 ms (FindLiveObjects: 0.725400 ms CreateObjectMapping: 0.388800 ms MarkObjects: 6.005600 ms  DeleteObjects: 0.660200 ms)

AssetImportParameters requested are different than current active one (requested -> active):
  custom:video-decoder-ogg-theora: a1e56fd34408186e4bbccfd4996cb3dc -> 
  custom:container-muxer-webm: aa71ff27fc2769a1b78a27578f13a17b -> 
  custom:container-demuxer-webm: 4f35f7cbe854078d1ac9338744f61a02 -> 
  custom:video-encoder-webm-vp8: eb34c28f22e8b96e1ab97ce403110664 -> 
  custom:audio-encoder-webm-vorbis: bf7c407c2cedff20999df2af8eb42d56 -> 
  custom:framework-win-MediaFoundation: 216162199b28c13a410421893ffa2e32 -> 
  custom:container-demuxer-ogg: 62fdf1f143b41e24485cea50d1cbac27 -> 
  custom:video-decoder-webm-vp8: 9c59270c3fd7afecdb556c50c9e8de78 -> 
  custom:audio-decoder-ogg-vorbis: bf7c407c2cedff20999df2af8eb42d56 -> 
========================================================================
Received Import Request.
  Time since last request: 224733.335895 seconds.
  path: Assets/RacccoonRescue 1.2.1/Assets/RaccoonRescue/Prefabs/Boxes
  artifactKey: Guid(fe1679d70008acc49a3ba6eac0aacd56) Importer(815301076,1909f56bfc062723c751e8b465ee728b)
Start importing Assets/RacccoonRescue 1.2.1/Assets/RaccoonRescue/Prefabs/Boxes using Guid(fe1679d70008acc49a3ba6eac0aacd56) Importer(815301076,1909f56bfc062723c751e8b465ee728b)  -> (artifact id: '52d1c076bed5f40f8c11d0e14244b2c3') in 0.046274 seconds 
========================================================================
Received Import Request.
  Time since last request: 0.118883 seconds.
  path: Assets/RacccoonRescue 1.2.1/Assets/RaccoonRescue/Prefabs/Boxes/boxCatapult.prefab
  artifactKey: Guid(c2032e9e6d2838748994ae292295b2dd) Importer(815301076,1909f56bfc062723c751e8b465ee728b)
Start importing Assets/RacccoonRescue 1.2.1/Assets/RaccoonRescue/Prefabs/Boxes/boxCatapult.prefab using Guid(c2032e9e6d2838748994ae292295b2dd) Importer(815301076,1909f56bfc062723c751e8b465ee728b)  -> (artifact id: '6181239ecdbd7d1efe0994621d2b10cd') in 0.114081 seconds 
========================================================================
Received Import Request.
  Time since last request: 0.000136 seconds.
  path: Assets/RacccoonRescue 1.2.1/Assets/RaccoonRescue/Prefabs/Boxes/boxSecond.prefab
  artifactKey: Guid(18f49859906106343adaa0d73ff5d072) Importer(815301076,1909f56bfc062723c751e8b465ee728b)
Start importing Assets/RacccoonRescue 1.2.1/Assets/RaccoonRescue/Prefabs/Boxes/boxSecond.prefab using Guid(18f49859906106343adaa0d73ff5d072) Importer(815301076,1909f56bfc062723c751e8b465ee728b)  -> (artifact id: '2d7b966505182e1123537821c93804e9') in 0.030607 seconds 
========================================================================
Received Import Request.
  Time since last request: 0.000112 seconds.
  path: Assets/RacccoonRescue 1.2.1/Assets/RaccoonRescue/Prefabs/Boxes/CFXM_ElectricGround.prefab
  artifactKey: Guid(0f40350434986674d8f45f9a628e3b9a) Importer(815301076,1909f56bfc062723c751e8b465ee728b)
Start importing Assets/RacccoonRescue 1.2.1/Assets/RaccoonRescue/Prefabs/Boxes/CFXM_ElectricGround.prefab using Guid(0f40350434986674d8f45f9a628e3b9a) Importer(815301076,1909f56bfc062723c751e8b465ee728b)  -> (artifact id: '631356c0d087b69bc29d9a480c267749') in 0.185288 seconds 
========================================================================
Received Import Request.
  Time since last request: 79.699918 seconds.
  path: Assets/RacccoonRescue 1.2.1/Assets/RaccoonRescue/Prefabs/Objects/box.prefab
  artifactKey: Guid(e0240944f3bd27e449975ef82726c682) Importer(815301076,1909f56bfc062723c751e8b465ee728b)
Start importing Assets/RacccoonRescue 1.2.1/Assets/RaccoonRescue/Prefabs/Objects/box.prefab using Guid(e0240944f3bd27e449975ef82726c682) Importer(815301076,1909f56bfc062723c751e8b465ee728b)  -> (artifact id: 'be9a5618f2c242c2bc124339221e709c') in 0.029347 seconds 
========================================================================
Received Import Request.
  Time since last request: 0.000050 seconds.
  path: Assets/RacccoonRescue 1.2.1/Assets/RaccoonRescue/Prefabs/Objects/CubPrefab.prefab
  artifactKey: Guid(11cd78acabb69479aa725661968b494d) Importer(815301076,1909f56bfc062723c751e8b465ee728b)
Start importing Assets/RacccoonRescue 1.2.1/Assets/RaccoonRescue/Prefabs/Objects/CubPrefab.prefab using Guid(11cd78acabb69479aa725661968b494d) Importer(815301076,1909f56bfc062723c751e8b465ee728b)  -> (artifact id: '8110602de4e7b2ee84d3907245e90e06') in 0.162850 seconds 
========================================================================
Received Import Request.
  Time since last request: 0.000058 seconds.
  path: Assets/RacccoonRescue 1.2.1/Assets/RaccoonRescue/Prefabs/Objects/pointer.prefab
  artifactKey: Guid(023d450f9c1c9ee4892b751446275892) Importer(815301076,1909f56bfc062723c751e8b465ee728b)
Start importing Assets/RacccoonRescue 1.2.1/Assets/RaccoonRescue/Prefabs/Objects/pointer.prefab using Guid(023d450f9c1c9ee4892b751446275892) Importer(815301076,1909f56bfc062723c751e8b465ee728b)  -> (artifact id: '933b92f9b7425f72e6eb5ab9be2dcbb3') in 0.070435 seconds 
========================================================================
Received Import Request.
  Time since last request: 0.000071 seconds.
  path: Assets/RacccoonRescue 1.2.1/Assets/RaccoonRescue/Prefabs/Objects/Item_w.prefab
  artifactKey: Guid(78409b16048024024be6234be94104c9) Importer(815301076,1909f56bfc062723c751e8b465ee728b)
Start importing Assets/RacccoonRescue 1.2.1/Assets/RaccoonRescue/Prefabs/Objects/Item_w.prefab using Guid(78409b16048024024be6234be94104c9) Importer(815301076,1909f56bfc062723c751e8b465ee728b)  -> (artifact id: '8a1d4b0b34419f6daef327c8ba780aed') in 0.198517 seconds 
========================================================================
Received Import Request.
  Time since last request: 0.000057 seconds.
  path: Assets/RacccoonRescue 1.2.1/Assets/RaccoonRescue/Prefabs/Objects/Cub.prefab
  artifactKey: Guid(80982060cc410453dbf81ad0249c8178) Importer(815301076,1909f56bfc062723c751e8b465ee728b)
Start importing Assets/RacccoonRescue 1.2.1/Assets/RaccoonRescue/Prefabs/Objects/Cub.prefab using Guid(80982060cc410453dbf81ad0249c8178) Importer(815301076,1909f56bfc062723c751e8b465ee728b)  -> (artifact id: '8a71457a3bba15436950cc3e5ab268be') in 0.384345 seconds 
Editor requested this worker to shutdown with reason: Scaling down because of idle timeout
AssetImportWorker is now disconnected from the server
Process exiting
Exiting without the bug reporter. Application will terminate with return code 0